<?xml version="1.0" encoding="UTF-8"?>
<!-- Generated by org.testng.reporters.JUnitReportReporter -->
<testsuite hostname="DESKTOP-NFTQBJJ" failures="0" tests="13" name="TestCases.ParallelTest" time="12.588" errors="0" timestamp="2022-10-29T23:09:37 IST" skipped="12">
  <testcase classname="TestCases.ParallelTest" name="verifyCustomerBtnEnableTest" time="12.588"/>
  <system-out/>
  <testcase classname="TestCases.ParallelTest" name="verifyAddCustomerProcess3Test">
    <skipped/>
  </testcase> <!-- verifyAddCustomerProcess3Test -->
  <system-out/>
  <testcase classname="TestCases.ParallelTest" name="verifyOpenAccountBtnTest">
    <skipped/>
  </testcase> <!-- verifyOpenAccountBtnTest -->
  <system-out/>
  <testcase classname="TestCases.ParallelTest" name="verifyXyzBankTextTest">
    <skipped/>
  </testcase> <!-- verifyXyzBankTextTest -->
  <system-out/>
  <testcase classname="TestCases.ParallelTest" name="verifyCustomersNameTest">
    <skipped/>
  </testcase> <!-- verifyCustomersNameTest -->
  <system-out/>
  <testcase classname="TestCases.ParallelTest" name="verifyAddCustomerProcess2Test">
    <skipped/>
  </testcase> <!-- verifyAddCustomerProcess2Test -->
  <system-out/>
  <testcase classname="TestCases.ParallelTest" name="verifyOpenAccountProcess1Test">
    <skipped/>
  </testcase> <!-- verifyOpenAccountProcess1Test -->
  <system-out/>
  <testcase classname="TestCases.ParallelTest" name="verifyAddCustomerProcess1Test">
    <skipped/>
  </testcase> <!-- verifyAddCustomerProcess1Test -->
  <system-out/>
  <testcase classname="TestCases.ParallelTest" name="verifyOpenAccountProcessTest">
    <skipped/>
  </testcase> <!-- verifyOpenAccountProcessTest -->
  <system-out/>
  <testcase classname="TestCases.ParallelTest" name="verifyHomeBtnEnableTest">
    <skipped/>
  </testcase> <!-- verifyHomeBtnEnableTest -->
  <system-out/>
  <testcase classname="TestCases.ParallelTest" name="verifyAddCustomerProcess4Test">
    <skipped/>
  </testcase> <!-- verifyAddCustomerProcess4Test -->
  <system-out/>
  <testcase classname="TestCases.ParallelTest" name="verifyCustomerAddBtnEnableTest">
    <skipped/>
  </testcase> <!-- verifyCustomerAddBtnEnableTest -->
  <system-out/>
  <testcase classname="TestCases.ParallelTest" name="verifyHomeBtnClickTest">
    <skipped/>
  </testcase> <!-- verifyHomeBtnClickTest -->
  <system-out/>
</testsuite> <!-- TestCases.ParallelTest -->
