<?xml version="1.0" encoding="UTF-8"?>
<!-- Generated by org.testng.reporters.JUnitReportReporter -->
<testsuite hostname="DESKTOP-NFTQBJJ" failures="0" tests="13" name="TestCases.LoginPageTest" time="112.497" errors="0" timestamp="2022-10-23T15:45:27 IST" skipped="0">
  <testcase classname="TestCases.LoginPageTest" name="bankManagerNextPageUrlTest" time="8.270"/>
  <system-out/>
  <testcase classname="TestCases.LoginPageTest" name="verifyCustomerLoginNextPageValidationTest" time="8.045"/>
  <system-out/>
  <testcase classname="TestCases.LoginPageTest" name="verifyHomeButtonEnableTest" time="8.095"/>
  <system-out/>
  <testcase classname="TestCases.LoginPageTest" name="verifyBankManagerLoginNextPageValidationTest" time="7.839"/>
  <system-out/>
  <testcase classname="TestCases.LoginPageTest" name="verifyBankManagerLoginButtonDisplayTest" time="7.720"/>
  <system-out/>
  <testcase classname="TestCases.LoginPageTest" name="verifyTitleTest" time="6.189"/>
  <system-out/>
  <testcase classname="TestCases.LoginPageTest" name="verifyXyzBankTextTest" time="7.360"/>
  <system-out/>
  <testcase classname="TestCases.LoginPageTest" name="verifyCustomerLoginButtonDisplayTest" time="7.174"/>
  <system-out/>
  <testcase classname="TestCases.LoginPageTest" name="verifyCustomerLoginButtonUrlTest" time="8.293"/>
  <system-out/>
  <testcase classname="TestCases.LoginPageTest" name="verifyBankManagerLoginButtonEnableTest" time="22.386"/>
  <system-out/>
  <testcase classname="TestCases.LoginPageTest" name="verifyUrlTest" time="6.281"/>
  <system-out/>
  <testcase classname="TestCases.LoginPageTest" name="verifyCustomerLoginButtonEnableTest" time="7.447"/>
  <system-out/>
  <testcase classname="TestCases.LoginPageTest" name="verifyHomeButtonDisplayTest" time="7.398"/>
  <system-out/>
</testsuite> <!-- TestCases.LoginPageTest -->
