<?xml version="1.0" encoding="UTF-8"?>
<!-- Generated by org.testng.reporters.JUnitReportReporter -->
<testsuite hostname="DESKTOP-NFTQBJJ" failures="0" tests="14" name="TestCases.ManagerHomePageTest" time="44.630" errors="0" timestamp="2022-11-04T17:23:56 IST" skipped="13">
  <testcase classname="TestCases.ManagerHomePageTest" name="verifyListOfCustomersTest" time="44.630"/>
  <system-out/>
  <testcase classname="TestCases.ManagerHomePageTest" name="verifyXyzBankTextTest">
    <skipped/>
  </testcase> <!-- verifyXyzBankTextTest -->
  <system-out/>
  <testcase classname="TestCases.ManagerHomePageTest" name="verifyAddCustomerProcess3Test">
    <skipped/>
  </testcase> <!-- verifyAddCustomerProcess3Test -->
  <system-out/>
  <testcase classname="TestCases.ManagerHomePageTest" name="verifyCustomerAddBtnEnableTest">
    <skipped/>
  </testcase> <!-- verifyCustomerAddBtnEnableTest -->
  <system-out/>
  <testcase classname="TestCases.ManagerHomePageTest" name="verifyOpenAccountProcess1Test">
    <skipped/>
  </testcase> <!-- verifyOpenAccountProcess1Test -->
  <system-out/>
  <testcase classname="TestCases.ManagerHomePageTest" name="verifyAddCustomerProcess1Test">
    <skipped/>
  </testcase> <!-- verifyAddCustomerProcess1Test -->
  <system-out/>
  <testcase classname="TestCases.ManagerHomePageTest" name="verifyAddCustomerProcess4Test">
    <skipped/>
  </testcase> <!-- verifyAddCustomerProcess4Test -->
  <system-out/>
  <testcase classname="TestCases.ManagerHomePageTest" name="verifyOpenAccountProcessTest">
    <skipped/>
  </testcase> <!-- verifyOpenAccountProcessTest -->
  <system-out/>
  <testcase classname="TestCases.ManagerHomePageTest" name="verifyOpenAccountBtnTest">
    <skipped/>
  </testcase> <!-- verifyOpenAccountBtnTest -->
  <system-out/>
  <testcase classname="TestCases.ManagerHomePageTest" name="verifyHomeBtnEnableTest">
    <skipped/>
  </testcase> <!-- verifyHomeBtnEnableTest -->
  <system-out/>
  <testcase classname="TestCases.ManagerHomePageTest" name="verifyAddCustomerProcess2Test">
    <skipped/>
  </testcase> <!-- verifyAddCustomerProcess2Test -->
  <system-out/>
  <testcase classname="TestCases.ManagerHomePageTest" name="verifyCustomersNameTest">
    <skipped/>
  </testcase> <!-- verifyCustomersNameTest -->
  <system-out/>
  <testcase classname="TestCases.ManagerHomePageTest" name="verifyCustomerBtnEnableTest">
    <skipped/>
  </testcase> <!-- verifyCustomerBtnEnableTest -->
  <system-out/>
  <testcase classname="TestCases.ManagerHomePageTest" name="verifyHomeBtnClickTest">
    <skipped/>
  </testcase> <!-- verifyHomeBtnClickTest -->
  <system-out/>
</testsuite> <!-- TestCases.ManagerHomePageTest -->
