<?xml version="1.0" encoding="UTF-8"?>
<!-- Generated by org.testng.reporters.JUnitReportReporter -->
<testsuite hostname="DESKTOP-NFTQBJJ" failures="0" tests="3" name="TestCases.GroupClass" time="40.361" errors="0" timestamp="2022-10-29T22:56:36 IST" skipped="0">
  <testcase classname="TestCases.GroupClass" name="verifyUrlTest" time="11.953"/>
  <system-out/>
  <testcase classname="TestCases.GroupClass" name="verifyXyzBankTextTest" time="8.921"/>
  <system-out/>
  <testcase classname="TestCases.GroupClass" name="verifyHomeButtonDisplayTest" time="19.487"/>
  <system-out/>
</testsuite> <!-- TestCases.GroupClass -->
