<?xml version="1.0" encoding="UTF-8"?>
<!-- Generated by org.testng.reporters.JUnitReportReporter -->
<testsuite hostname="DESKTOP-NFTQBJJ" failures="0" tests="2" name="TestCases.CustomerHomePageTest" time="53.093" errors="0" timestamp="2022-10-27T21:44:57 IST" skipped="1">
  <testcase classname="TestCases.CustomerHomePageTest" name="verifyDepositProcessTest" time="53.093"/>
  <system-out/>
  <testcase classname="TestCases.CustomerHomePageTest" name="verifyDepositProcess2">
    <skipped/>
  </testcase> <!-- verifyDepositProcess2 -->
  <system-out/>
</testsuite> <!-- TestCases.CustomerHomePageTest -->
